2023-12-01 00:37:18,632 INFO - __main__ - Finished setting up the logger.
2023-12-01 00:37:18,700 INFO - numexpr.utils - NumExpr defaulting to 8 threads.
2023-12-01 00:37:18,895 INFO - __main__ - Finished loading the dataset.
2023-12-01 00:37:19,189 INFO - trainers.golem_trainer - Started training for 100000.0 iterations.
2023-12-01 00:37:19,192 INFO - trainers.golem_trainer - TRAINING: [Iter 0] score 7.200E+12, likelihood 1.385E+02, h 1.440E+12
2023-12-01 00:37:19,193 INFO - trainers.golem_trainer - VALIDATION: [Iter 0] score 7.200E+12, likelihood 1.167E+02, h 1.440E+12
2023-12-01 00:37:23,232 INFO - trainers.golem_trainer - TRAINING: [Iter 5000] score 1.157E+10, likelihood 1.371E+02, h 2.314E+09
2023-12-01 00:37:23,232 INFO - trainers.golem_trainer - VALIDATION: [Iter 5000] score 1.156E+10, likelihood 1.153E+02, h 2.312E+09
2023-12-01 00:37:27,328 INFO - trainers.golem_trainer - TRAINING: [Iter 10000] score 9.739E+08, likelihood 1.277E+02, h 1.948E+08
2023-12-01 00:37:27,328 INFO - trainers.golem_trainer - VALIDATION: [Iter 10000] score 9.734E+08, likelihood 1.061E+02, h 1.947E+08
2023-12-01 00:37:31,212 INFO - trainers.golem_trainer - TRAINING: [Iter 15000] score 9.265E+07, likelihood 1.249E+02, h 1.853E+07
2023-12-01 00:37:31,212 INFO - trainers.golem_trainer - VALIDATION: [Iter 15000] score 9.261E+07, likelihood 1.034E+02, h 1.852E+07
2023-12-01 00:37:35,116 INFO - trainers.golem_trainer - TRAINING: [Iter 20000] score 9.113E+06, likelihood 1.237E+02, h 1.823E+06
2023-12-01 00:37:35,116 INFO - trainers.golem_trainer - VALIDATION: [Iter 20000] score 9.109E+06, likelihood 1.021E+02, h 1.822E+06
2023-12-01 00:37:39,170 INFO - trainers.golem_trainer - TRAINING: [Iter 25000] score 9.288E+05, likelihood 1.233E+02, h 1.857E+05
2023-12-01 00:37:39,170 INFO - trainers.golem_trainer - VALIDATION: [Iter 25000] score 9.284E+05, likelihood 1.015E+02, h 1.856E+05
2023-12-01 00:37:43,354 INFO - trainers.golem_trainer - TRAINING: [Iter 30000] score 9.959E+04, likelihood 1.225E+02, h 1.989E+04
2023-12-01 00:37:43,355 INFO - trainers.golem_trainer - VALIDATION: [Iter 30000] score 9.952E+04, likelihood 1.007E+02, h 1.988E+04
2023-12-01 00:37:47,411 INFO - trainers.golem_trainer - TRAINING: [Iter 35000] score 1.155E+04, likelihood 9.967E+01, h 2.290E+03
2023-12-01 00:37:47,412 INFO - trainers.golem_trainer - VALIDATION: [Iter 35000] score 1.153E+04, likelihood 7.795E+01, h 2.289E+03
2023-12-01 00:37:51,304 INFO - trainers.golem_trainer - TRAINING: [Iter 40000] score 1.538E+03, likelihood 9.815E+01, h 2.877E+02
2023-12-01 00:37:51,304 INFO - trainers.golem_trainer - VALIDATION: [Iter 40000] score 1.516E+03, likelihood 7.654E+01, h 2.876E+02
2023-12-01 00:37:55,111 INFO - trainers.golem_trainer - TRAINING: [Iter 45000] score 2.738E+02, likelihood 9.809E+01, h 3.502E+01
2023-12-01 00:37:55,111 INFO - trainers.golem_trainer - VALIDATION: [Iter 45000] score 2.522E+02, likelihood 7.660E+01, h 3.501E+01
2023-12-01 00:37:58,936 INFO - trainers.golem_trainer - TRAINING: [Iter 50000] score 1.050E+02, likelihood 9.814E+01, h 1.148E+00
2023-12-01 00:37:58,936 INFO - trainers.golem_trainer - VALIDATION: [Iter 50000] score 8.343E+01, likelihood 7.658E+01, h 1.147E+00
2023-12-01 00:38:02,790 INFO - trainers.golem_trainer - TRAINING: [Iter 55000] score 9.917E+01, likelihood 9.793E+01, h 2.983E-03
2023-12-01 00:38:02,790 INFO - trainers.golem_trainer - VALIDATION: [Iter 55000] score 7.754E+01, likelihood 7.630E+01, h 2.983E-03
2023-12-01 00:38:06,725 INFO - trainers.golem_trainer - TRAINING: [Iter 60000] score 9.917E+01, likelihood 9.793E+01, h 2.972E-03
2023-12-01 00:38:06,725 INFO - trainers.golem_trainer - VALIDATION: [Iter 60000] score 7.754E+01, likelihood 7.630E+01, h 2.985E-03
2023-12-01 00:38:10,854 INFO - trainers.golem_trainer - TRAINING: [Iter 65000] score 9.917E+01, likelihood 9.793E+01, h 2.991E-03
2023-12-01 00:38:10,854 INFO - trainers.golem_trainer - VALIDATION: [Iter 65000] score 7.754E+01, likelihood 7.630E+01, h 2.977E-03
2023-12-01 00:38:12,020 CRITICAL - utils.logger - Unhandled exception.
Traceback (most recent call last):
  File "/Users/valen/Documents/GitHub/golem/golem_PT/src/main.py", line 70, in <module>
    main()
  File "/Users/valen/Documents/GitHub/golem/golem_PT/src/main.py", line 56, in main
    B_est = golem(dataset.X, args.lambda_1, args.lambda_2, args.equal_variances, args.num_iter,
            ^^^^^^^^^^^^^^^^^^^^^^^^^^^^^^^^^^^^^^^^^^^^^^^^^^^^^^^^^^^^^^^^^^^^^^^^^^^^^^^^^^^
  File "/Users/valen/Documents/GitHub/golem/golem_PT/src/golem.py", line 57, in golem
    B_est = trainer.train(model, X_train, X_val, num_iter, checkpoint_iter, output_dir)
            ^^^^^^^^^^^^^^^^^^^^^^^^^^^^^^^^^^^^^^^^^^^^^^^^^^^^^^^^^^^^^^^^^^^^^^^^^^^
  File "/Users/valen/Documents/GitHub/golem/golem_PT/src/trainers/golem_trainer.py", line 49, in train
    val_data = self.eval_iter(model, X_val)
               ^^^^^^^^^^^^^^^^^^^^^^^^^^^^
  File "/Users/valen/Documents/GitHub/golem/golem_PT/src/trainers/golem_trainer.py", line 71, in eval_iter
    score, likelihood, h, B_est  = model.run(X)
                                   ^^^^^^^^^^^^
  File "/Users/valen/Documents/GitHub/golem/golem_PT/src/models/golem_model.py", line 69, in run
    self.likelihood = self._compute_likelihood()
                      ^^^^^^^^^^^^^^^^^^^^^^^^^^
  File "/Users/valen/Documents/GitHub/golem/golem_PT/src/models/golem_model.py", line 96, in _compute_likelihood
    torch.norm(self.X - self.X @ self.B, p=2)
  File "/Users/valen/anaconda3/lib/python3.11/site-packages/torch/functional.py", line 1611, in norm
    return torch.linalg.vector_norm(input, _p, _dim, keepdim, dtype=dtype)
           ^^^^^^^^^^^^^^^^^^^^^^^^^^^^^^^^^^^^^^^^^^^^^^^^^^^^^^^^^^^^^^^
KeyboardInterrupt
